<?xml version="1.0" encoding="UTF-8"?>
<testsuite xmlns:xsi="http://www.w3.org/2001/XMLSchema-instance" xsi:noNamespaceSchemaLocation="https://maven.apache.org/surefire/maven-surefire-plugin/xsd/surefire-test-report.xsd" name="com.nttdata.spring.spark.springsparkwordcount.SpringSparkWordCountApplicationTests" time="0.965" tests="1" errors="1" skipped="0" failures="0">
  <properties>
    <property name="java.specification.version" value="14"/>
    <property name="sun.cpu.isalist" value="amd64"/>
    <property name="sun.jnu.encoding" value="Cp1252"/>
    <property name="java.class.path" value="C:\lul\spring-spark-word-analyse\target\test-classes;C:\lul\spring-spark-word-analyse\target\classes;C:\Users\ulzlot\.m2\repository\org\springframework\boot\spring-boot-starter-web\2.2.6.RELEASE\spring-boot-starter-web-2.2.6.RELEASE.jar;C:\Users\ulzlot\.m2\repository\org\springframework\boot\spring-boot-starter\2.2.6.RELEASE\spring-boot-starter-2.2.6.RELEASE.jar;C:\Users\ulzlot\.m2\repository\org\springframework\boot\spring-boot\2.2.6.RELEASE\spring-boot-2.2.6.RELEASE.jar;C:\Users\ulzlot\.m2\repository\org\springframework\boot\spring-boot-autoconfigure\2.2.6.RELEASE\spring-boot-autoconfigure-2.2.6.RELEASE.jar;C:\Users\ulzlot\.m2\repository\org\springframework\boot\spring-boot-starter-logging\2.2.6.RELEASE\spring-boot-starter-logging-2.2.6.RELEASE.jar;C:\Users\ulzlot\.m2\repository\ch\qos\logback\logback-classic\1.2.3\logback-classic-1.2.3.jar;C:\Users\ulzlot\.m2\repository\ch\qos\logback\logback-core\1.2.3\logback-core-1.2.3.jar;C:\Users\ulzlot\.m2\repository\org\apache\logging\log4j\log4j-to-slf4j\2.12.1\log4j-to-slf4j-2.12.1.jar;C:\Users\ulzlot\.m2\repository\org\apache\logging\log4j\log4j-api\2.12.1\log4j-api-2.12.1.jar;C:\Users\ulzlot\.m2\repository\jakarta\annotation\jakarta.annotation-api\1.3.5\jakarta.annotation-api-1.3.5.jar;C:\Users\ulzlot\.m2\repository\org\yaml\snakeyaml\1.25\snakeyaml-1.25.jar;C:\Users\ulzlot\.m2\repository\org\springframework\boot\spring-boot-starter-json\2.2.6.RELEASE\spring-boot-starter-json-2.2.6.RELEASE.jar;C:\Users\ulzlot\.m2\repository\com\fasterxml\jackson\datatype\jackson-datatype-jdk8\2.10.3\jackson-datatype-jdk8-2.10.3.jar;C:\Users\ulzlot\.m2\repository\com\fasterxml\jackson\datatype\jackson-datatype-jsr310\2.10.3\jackson-datatype-jsr310-2.10.3.jar;C:\Users\ulzlot\.m2\repository\com\fasterxml\jackson\module\jackson-module-parameter-names\2.10.3\jackson-module-parameter-names-2.10.3.jar;C:\Users\ulzlot\.m2\repository\org\springframework\boot\spring-boot-starter-tomcat\2.2.6.RELEASE\spring-boot-starter-tomcat-2.2.6.RELEASE.jar;C:\Users\ulzlot\.m2\repository\org\apache\tomcat\embed\tomcat-embed-core\9.0.33\tomcat-embed-core-9.0.33.jar;C:\Users\ulzlot\.m2\repository\org\apache\tomcat\embed\tomcat-embed-el\9.0.33\tomcat-embed-el-9.0.33.jar;C:\Users\ulzlot\.m2\repository\org\apache\tomcat\embed\tomcat-embed-websocket\9.0.33\tomcat-embed-websocket-9.0.33.jar;C:\Users\ulzlot\.m2\repository\org\springframework\boot\spring-boot-starter-validation\2.2.6.RELEASE\spring-boot-starter-validation-2.2.6.RELEASE.jar;C:\Users\ulzlot\.m2\repository\jakarta\validation\jakarta.validation-api\2.0.2\jakarta.validation-api-2.0.2.jar;C:\Users\ulzlot\.m2\repository\org\hibernate\validator\hibernate-validator\6.0.18.Final\hibernate-validator-6.0.18.Final.jar;C:\Users\ulzlot\.m2\repository\org\jboss\logging\jboss-logging\3.4.1.Final\jboss-logging-3.4.1.Final.jar;C:\Users\ulzlot\.m2\repository\com\fasterxml\classmate\1.5.1\classmate-1.5.1.jar;C:\Users\ulzlot\.m2\repository\org\springframework\spring-web\5.2.5.RELEASE\spring-web-5.2.5.RELEASE.jar;C:\Users\ulzlot\.m2\repository\org\springframework\spring-beans\5.2.5.RELEASE\spring-beans-5.2.5.RELEASE.jar;C:\Users\ulzlot\.m2\repository\org\springframework\spring-webmvc\5.2.5.RELEASE\spring-webmvc-5.2.5.RELEASE.jar;C:\Users\ulzlot\.m2\repository\org\springframework\spring-aop\5.2.5.RELEASE\spring-aop-5.2.5.RELEASE.jar;C:\Users\ulzlot\.m2\repository\org\springframework\spring-context\5.2.5.RELEASE\spring-context-5.2.5.RELEASE.jar;C:\Users\ulzlot\.m2\repository\org\springframework\spring-expression\5.2.5.RELEASE\spring-expression-5.2.5.RELEASE.jar;C:\Users\ulzlot\.m2\repository\org\springframework\boot\spring-boot-starter-test\2.2.6.RELEASE\spring-boot-starter-test-2.2.6.RELEASE.jar;C:\Users\ulzlot\.m2\repository\org\springframework\boot\spring-boot-test\2.2.6.RELEASE\spring-boot-test-2.2.6.RELEASE.jar;C:\Users\ulzlot\.m2\repository\org\springframework\boot\spring-boot-test-autoconfigure\2.2.6.RELEASE\spring-boot-test-autoconfigure-2.2.6.RELEASE.jar;C:\Users\ulzlot\.m2\repository\com\jayway\jsonpath\json-path\2.4.0\json-path-2.4.0.jar;C:\Users\ulzlot\.m2\repository\net\minidev\json-smart\2.3\json-smart-2.3.jar;C:\Users\ulzlot\.m2\repository\net\minidev\accessors-smart\1.2\accessors-smart-1.2.jar;C:\Users\ulzlot\.m2\repository\org\ow2\asm\asm\5.0.4\asm-5.0.4.jar;C:\Users\ulzlot\.m2\repository\jakarta\xml\bind\jakarta.xml.bind-api\2.3.3\jakarta.xml.bind-api-2.3.3.jar;C:\Users\ulzlot\.m2\repository\jakarta\activation\jakarta.activation-api\1.2.2\jakarta.activation-api-1.2.2.jar;C:\Users\ulzlot\.m2\repository\org\junit\jupiter\junit-jupiter\5.5.2\junit-jupiter-5.5.2.jar;C:\Users\ulzlot\.m2\repository\org\junit\jupiter\junit-jupiter-api\5.5.2\junit-jupiter-api-5.5.2.jar;C:\Users\ulzlot\.m2\repository\org\apiguardian\apiguardian-api\1.1.0\apiguardian-api-1.1.0.jar;C:\Users\ulzlot\.m2\repository\org\opentest4j\opentest4j\1.2.0\opentest4j-1.2.0.jar;C:\Users\ulzlot\.m2\repository\org\junit\platform\junit-platform-commons\1.5.2\junit-platform-commons-1.5.2.jar;C:\Users\ulzlot\.m2\repository\org\junit\jupiter\junit-jupiter-params\5.5.2\junit-jupiter-params-5.5.2.jar;C:\Users\ulzlot\.m2\repository\org\junit\jupiter\junit-jupiter-engine\5.5.2\junit-jupiter-engine-5.5.2.jar;C:\Users\ulzlot\.m2\repository\org\junit\platform\junit-platform-engine\1.5.2\junit-platform-engine-1.5.2.jar;C:\Users\ulzlot\.m2\repository\org\mockito\mockito-junit-jupiter\3.1.0\mockito-junit-jupiter-3.1.0.jar;C:\Users\ulzlot\.m2\repository\org\assertj\assertj-core\3.13.2\assertj-core-3.13.2.jar;C:\Users\ulzlot\.m2\repository\org\hamcrest\hamcrest\2.1\hamcrest-2.1.jar;C:\Users\ulzlot\.m2\repository\org\mockito\mockito-core\3.1.0\mockito-core-3.1.0.jar;C:\Users\ulzlot\.m2\repository\net\bytebuddy\byte-buddy\1.10.8\byte-buddy-1.10.8.jar;C:\Users\ulzlot\.m2\repository\net\bytebuddy\byte-buddy-agent\1.10.8\byte-buddy-agent-1.10.8.jar;C:\Users\ulzlot\.m2\repository\org\objenesis\objenesis\2.6\objenesis-2.6.jar;C:\Users\ulzlot\.m2\repository\org\skyscreamer\jsonassert\1.5.0\jsonassert-1.5.0.jar;C:\Users\ulzlot\.m2\repository\com\vaadin\external\google\android-json\0.0.20131108.vaadin1\android-json-0.0.20131108.vaadin1.jar;C:\Users\ulzlot\.m2\repository\org\springframework\spring-core\5.2.5.RELEASE\spring-core-5.2.5.RELEASE.jar;C:\Users\ulzlot\.m2\repository\org\springframework\spring-jcl\5.2.5.RELEASE\spring-jcl-5.2.5.RELEASE.jar;C:\Users\ulzlot\.m2\repository\org\springframework\spring-test\5.2.5.RELEASE\spring-test-5.2.5.RELEASE.jar;C:\Users\ulzlot\.m2\repository\org\xmlunit\xmlunit-core\2.6.4\xmlunit-core-2.6.4.jar;C:\Users\ulzlot\.m2\repository\com\thoughtworks\paranamer\paranamer\2.8\paranamer-2.8.jar;C:\Users\ulzlot\.m2\repository\org\apache\spark\spark-core_2.12\2.4.0\spark-core_2.12-2.4.0.jar;C:\Users\ulzlot\.m2\repository\org\apache\avro\avro\1.8.2\avro-1.8.2.jar;C:\Users\ulzlot\.m2\repository\org\tukaani\xz\1.5\xz-1.5.jar;C:\Users\ulzlot\.m2\repository\org\apache\avro\avro-mapred\1.8.2\avro-mapred-1.8.2-hadoop2.jar;C:\Users\ulzlot\.m2\repository\org\apache\avro\avro-ipc\1.8.2\avro-ipc-1.8.2.jar;C:\Users\ulzlot\.m2\repository\com\twitter\chill_2.12\0.9.3\chill_2.12-0.9.3.jar;C:\Users\ulzlot\.m2\repository\com\esotericsoftware\kryo-shaded\4.0.2\kryo-shaded-4.0.2.jar;C:\Users\ulzlot\.m2\repository\com\esotericsoftware\minlog\1.3.0\minlog-1.3.0.jar;C:\Users\ulzlot\.m2\repository\com\twitter\chill-java\0.9.3\chill-java-0.9.3.jar;C:\Users\ulzlot\.m2\repository\org\apache\xbean\xbean-asm6-shaded\4.8\xbean-asm6-shaded-4.8.jar;C:\Users\ulzlot\.m2\repository\org\apache\hadoop\hadoop-client\2.6.5\hadoop-client-2.6.5.jar;C:\Users\ulzlot\.m2\repository\org\apache\hadoop\hadoop-mapreduce-client-app\2.6.5\hadoop-mapreduce-client-app-2.6.5.jar;C:\Users\ulzlot\.m2\repository\org\apache\hadoop\hadoop-mapreduce-client-shuffle\2.6.5\hadoop-mapreduce-client-shuffle-2.6.5.jar;C:\Users\ulzlot\.m2\repository\org\apache\hadoop\hadoop-yarn-api\2.6.5\hadoop-yarn-api-2.6.5.jar;C:\Users\ulzlot\.m2\repository\org\apache\hadoop\hadoop-mapreduce-client-jobclient\2.6.5\hadoop-mapreduce-client-jobclient-2.6.5.jar;C:\Users\ulzlot\.m2\repository\org\apache\spark\spark-launcher_2.12\2.4.0\spark-launcher_2.12-2.4.0.jar;C:\Users\ulzlot\.m2\repository\org\apache\spark\spark-kvstore_2.12\2.4.0\spark-kvstore_2.12-2.4.0.jar;C:\Users\ulzlot\.m2\repository\org\fusesource\leveldbjni\leveldbjni-all\1.8\leveldbjni-all-1.8.jar;C:\Users\ulzlot\.m2\repository\com\fasterxml\jackson\core\jackson-core\2.10.3\jackson-core-2.10.3.jar;C:\Users\ulzlot\.m2\repository\com\fasterxml\jackson\core\jackson-annotations\2.10.3\jackson-annotations-2.10.3.jar;C:\Users\ulzlot\.m2\repository\org\apache\spark\spark-network-common_2.12\2.4.0\spark-network-common_2.12-2.4.0.jar;C:\Users\ulzlot\.m2\repository\org\apache\spark\spark-network-shuffle_2.12\2.4.0\spark-network-shuffle_2.12-2.4.0.jar;C:\Users\ulzlot\.m2\repository\org\apache\spark\spark-unsafe_2.12\2.4.0\spark-unsafe_2.12-2.4.0.jar;C:\Users\ulzlot\.m2\repository\javax\activation\activation\1.1.1\activation-1.1.1.jar;C:\Users\ulzlot\.m2\repository\org\apache\curator\curator-recipes\2.6.0\curator-recipes-2.6.0.jar;C:\Users\ulzlot\.m2\repository\org\apache\curator\curator-framework\2.6.0\curator-framework-2.6.0.jar;C:\Users\ulzlot\.m2\repository\org\apache\zookeeper\zookeeper\3.4.6\zookeeper-3.4.6.jar;C:\Users\ulzlot\.m2\repository\javax\servlet\javax.servlet-api\4.0.1\javax.servlet-api-4.0.1.jar;C:\Users\ulzlot\.m2\repository\org\apache\commons\commons-lang3\3.9\commons-lang3-3.9.jar;C:\Users\ulzlot\.m2\repository\org\apache\commons\commons-math3\3.4.1\commons-math3-3.4.1.jar;C:\Users\ulzlot\.m2\repository\com\google\code\findbugs\jsr305\1.3.9\jsr305-1.3.9.jar;C:\Users\ulzlot\.m2\repository\org\slf4j\slf4j-api\1.7.30\slf4j-api-1.7.30.jar;C:\Users\ulzlot\.m2\repository\org\slf4j\jul-to-slf4j\1.7.30\jul-to-slf4j-1.7.30.jar;C:\Users\ulzlot\.m2\repository\org\slf4j\jcl-over-slf4j\1.7.30\jcl-over-slf4j-1.7.30.jar;C:\Users\ulzlot\.m2\repository\log4j\log4j\1.2.17\log4j-1.2.17.jar;C:\Users\ulzlot\.m2\repository\org\slf4j\slf4j-log4j12\1.7.30\slf4j-log4j12-1.7.30.jar;C:\Users\ulzlot\.m2\repository\com\ning\compress-lzf\1.0.3\compress-lzf-1.0.3.jar;C:\Users\ulzlot\.m2\repository\org\xerial\snappy\snappy-java\1.1.7.1\snappy-java-1.1.7.1.jar;C:\Users\ulzlot\.m2\repository\org\lz4\lz4-java\1.4.0\lz4-java-1.4.0.jar;C:\Users\ulzlot\.m2\repository\com\github\luben\zstd-jni\1.3.2-2\zstd-jni-1.3.2-2.jar;C:\Users\ulzlot\.m2\repository\org\roaringbitmap\RoaringBitmap\0.5.11\RoaringBitmap-0.5.11.jar;C:\Users\ulzlot\.m2\repository\commons-net\commons-net\3.1\commons-net-3.1.jar;C:\Users\ulzlot\.m2\repository\org\scala-lang\scala-library\2.12.7\scala-library-2.12.7.jar;C:\Users\ulzlot\.m2\repository\org\json4s\json4s-jackson_2.12\3.5.3\json4s-jackson_2.12-3.5.3.jar;C:\Users\ulzlot\.m2\repository\org\json4s\json4s-core_2.12\3.5.3\json4s-core_2.12-3.5.3.jar;C:\Users\ulzlot\.m2\repository\org\json4s\json4s-ast_2.12\3.5.3\json4s-ast_2.12-3.5.3.jar;C:\Users\ulzlot\.m2\repository\org\json4s\json4s-scalap_2.12\3.5.3\json4s-scalap_2.12-3.5.3.jar;C:\Users\ulzlot\.m2\repository\org\scala-lang\modules\scala-xml_2.12\1.0.6\scala-xml_2.12-1.0.6.jar;C:\Users\ulzlot\.m2\repository\org\glassfish\jersey\core\jersey-client\2.29.1\jersey-client-2.29.1.jar;C:\Users\ulzlot\.m2\repository\jakarta\ws\rs\jakarta.ws.rs-api\2.1.6\jakarta.ws.rs-api-2.1.6.jar;C:\Users\ulzlot\.m2\repository\org\glassfish\hk2\external\jakarta.inject\2.6.1\jakarta.inject-2.6.1.jar;C:\Users\ulzlot\.m2\repository\org\glassfish\jersey\core\jersey-common\2.29.1\jersey-common-2.29.1.jar;C:\Users\ulzlot\.m2\repository\org\glassfish\hk2\osgi-resource-locator\1.0.3\osgi-resource-locator-1.0.3.jar;C:\Users\ulzlot\.m2\repository\com\sun\activation\jakarta.activation\1.2.2\jakarta.activation-1.2.2.jar;C:\Users\ulzlot\.m2\repository\org\glassfish\jersey\core\jersey-server\2.29.1\jersey-server-2.29.1.jar;C:\Users\ulzlot\.m2\repository\org\glassfish\jersey\media\jersey-media-jaxb\2.29.1\jersey-media-jaxb-2.29.1.jar;C:\Users\ulzlot\.m2\repository\org\glassfish\jersey\containers\jersey-container-servlet\2.29.1\jersey-container-servlet-2.29.1.jar;C:\Users\ulzlot\.m2\repository\org\glassfish\jersey\containers\jersey-container-servlet-core\2.29.1\jersey-container-servlet-core-2.29.1.jar;C:\Users\ulzlot\.m2\repository\io\netty\netty-all\4.1.48.Final\netty-all-4.1.48.Final.jar;C:\Users\ulzlot\.m2\repository\io\netty\netty\3.9.9.Final\netty-3.9.9.Final.jar;C:\Users\ulzlot\.m2\repository\com\clearspring\analytics\stream\2.7.0\stream-2.7.0.jar;C:\Users\ulzlot\.m2\repository\io\dropwizard\metrics\metrics-core\4.1.5\metrics-core-4.1.5.jar;C:\Users\ulzlot\.m2\repository\io\dropwizard\metrics\metrics-jvm\4.1.5\metrics-jvm-4.1.5.jar;C:\Users\ulzlot\.m2\repository\io\dropwizard\metrics\metrics-json\4.1.5\metrics-json-4.1.5.jar;C:\Users\ulzlot\.m2\repository\io\dropwizard\metrics\metrics-graphite\4.1.5\metrics-graphite-4.1.5.jar;C:\Users\ulzlot\.m2\repository\com\rabbitmq\amqp-client\5.7.3\amqp-client-5.7.3.jar;C:\Users\ulzlot\.m2\repository\com\fasterxml\jackson\core\jackson-databind\2.10.3\jackson-databind-2.10.3.jar;C:\Users\ulzlot\.m2\repository\com\fasterxml\jackson\module\jackson-module-scala_2.12\2.10.3\jackson-module-scala_2.12-2.10.3.jar;C:\Users\ulzlot\.m2\repository\com\fasterxml\jackson\module\jackson-module-paranamer\2.10.3\jackson-module-paranamer-2.10.3.jar;C:\Users\ulzlot\.m2\repository\org\apache\ivy\ivy\2.4.0\ivy-2.4.0.jar;C:\Users\ulzlot\.m2\repository\oro\oro\2.0.8\oro-2.0.8.jar;C:\Users\ulzlot\.m2\repository\net\razorvine\pyrolite\4.13\pyrolite-4.13.jar;C:\Users\ulzlot\.m2\repository\net\sf\py4j\py4j\0.10.7\py4j-0.10.7.jar;C:\Users\ulzlot\.m2\repository\org\apache\spark\spark-tags_2.12\2.4.0\spark-tags_2.12-2.4.0.jar;C:\Users\ulzlot\.m2\repository\org\apache\commons\commons-crypto\1.0.0\commons-crypto-1.0.0.jar;C:\Users\ulzlot\.m2\repository\org\spark-project\spark\unused\1.0.0\unused-1.0.0.jar;C:\Users\ulzlot\.m2\repository\org\apache\spark\spark-mllib_2.11\2.4.3\spark-mllib_2.11-2.4.3.jar;C:\Users\ulzlot\.m2\repository\org\scala-lang\modules\scala-parser-combinators_2.11\1.1.0\scala-parser-combinators_2.11-1.1.0.jar;C:\Users\ulzlot\.m2\repository\org\apache\spark\spark-core_2.11\2.4.3\spark-core_2.11-2.4.3.jar;C:\Users\ulzlot\.m2\repository\com\twitter\chill_2.11\0.9.3\chill_2.11-0.9.3.jar;C:\Users\ulzlot\.m2\repository\org\apache\spark\spark-launcher_2.11\2.4.3\spark-launcher_2.11-2.4.3.jar;C:\Users\ulzlot\.m2\repository\org\apache\spark\spark-kvstore_2.11\2.4.3\spark-kvstore_2.11-2.4.3.jar;C:\Users\ulzlot\.m2\repository\org\apache\spark\spark-network-common_2.11\2.4.3\spark-network-common_2.11-2.4.3.jar;C:\Users\ulzlot\.m2\repository\org\apache\spark\spark-network-shuffle_2.11\2.4.3\spark-network-shuffle_2.11-2.4.3.jar;C:\Users\ulzlot\.m2\repository\org\apache\spark\spark-unsafe_2.11\2.4.3\spark-unsafe_2.11-2.4.3.jar;C:\Users\ulzlot\.m2\repository\org\json4s\json4s-jackson_2.11\3.5.3\json4s-jackson_2.11-3.5.3.jar;C:\Users\ulzlot\.m2\repository\org\json4s\json4s-core_2.11\3.5.3\json4s-core_2.11-3.5.3.jar;C:\Users\ulzlot\.m2\repository\org\json4s\json4s-ast_2.11\3.5.3\json4s-ast_2.11-3.5.3.jar;C:\Users\ulzlot\.m2\repository\org\json4s\json4s-scalap_2.11\3.5.3\json4s-scalap_2.11-3.5.3.jar;C:\Users\ulzlot\.m2\repository\org\scala-lang\modules\scala-xml_2.11\1.0.6\scala-xml_2.11-1.0.6.jar;C:\Users\ulzlot\.m2\repository\com\fasterxml\jackson\module\jackson-module-scala_2.11\2.10.3\jackson-module-scala_2.11-2.10.3.jar;C:\Users\ulzlot\.m2\repository\org\apache\spark\spark-streaming_2.11\2.4.3\spark-streaming_2.11-2.4.3.jar;C:\Users\ulzlot\.m2\repository\org\apache\spark\spark-sql_2.11\2.4.3\spark-sql_2.11-2.4.3.jar;C:\Users\ulzlot\.m2\repository\com\univocity\univocity-parsers\2.7.3\univocity-parsers-2.7.3.jar;C:\Users\ulzlot\.m2\repository\org\apache\spark\spark-sketch_2.11\2.4.3\spark-sketch_2.11-2.4.3.jar;C:\Users\ulzlot\.m2\repository\org\apache\spark\spark-catalyst_2.11\2.4.3\spark-catalyst_2.11-2.4.3.jar;C:\Users\ulzlot\.m2\repository\org\scala-lang\scala-reflect\2.11.12\scala-reflect-2.11.12.jar;C:\Users\ulzlot\.m2\repository\org\codehaus\janino\janino\3.1.2\janino-3.1.2.jar;C:\Users\ulzlot\.m2\repository\org\codehaus\janino\commons-compiler\3.1.2\commons-compiler-3.1.2.jar;C:\Users\ulzlot\.m2\repository\org\antlr\antlr4-runtime\4.7\antlr4-runtime-4.7.jar;C:\Users\ulzlot\.m2\repository\org\apache\orc\orc-core\1.5.5\orc-core-1.5.5-nohive.jar;C:\Users\ulzlot\.m2\repository\org\apache\orc\orc-shims\1.5.5\orc-shims-1.5.5.jar;C:\Users\ulzlot\.m2\repository\io\airlift\aircompressor\0.10\aircompressor-0.10.jar;C:\Users\ulzlot\.m2\repository\org\apache\orc\orc-mapreduce\1.5.5\orc-mapreduce-1.5.5-nohive.jar;C:\Users\ulzlot\.m2\repository\org\apache\parquet\parquet-column\1.10.1\parquet-column-1.10.1.jar;C:\Users\ulzlot\.m2\repository\org\apache\parquet\parquet-common\1.10.1\parquet-common-1.10.1.jar;C:\Users\ulzlot\.m2\repository\org\apache\parquet\parquet-encoding\1.10.1\parquet-encoding-1.10.1.jar;C:\Users\ulzlot\.m2\repository\org\apache\parquet\parquet-hadoop\1.10.1\parquet-hadoop-1.10.1.jar;C:\Users\ulzlot\.m2\repository\org\apache\parquet\parquet-format\2.4.0\parquet-format-2.4.0.jar;C:\Users\ulzlot\.m2\repository\org\apache\parquet\parquet-jackson\1.10.1\parquet-jackson-1.10.1.jar;C:\Users\ulzlot\.m2\repository\org\apache\arrow\arrow-vector\0.10.0\arrow-vector-0.10.0.jar;C:\Users\ulzlot\.m2\repository\org\apache\arrow\arrow-format\0.10.0\arrow-format-0.10.0.jar;C:\Users\ulzlot\.m2\repository\org\apache\arrow\arrow-memory\0.10.0\arrow-memory-0.10.0.jar;C:\Users\ulzlot\.m2\repository\joda-time\joda-time\2.10.5\joda-time-2.10.5.jar;C:\Users\ulzlot\.m2\repository\com\carrotsearch\hppc\0.7.2\hppc-0.7.2.jar;C:\Users\ulzlot\.m2\repository\com\vlkan\flatbuffers\1.2.0-3f79e055\flatbuffers-1.2.0-3f79e055.jar;C:\Users\ulzlot\.m2\repository\org\apache\spark\spark-graphx_2.11\2.4.3\spark-graphx_2.11-2.4.3.jar;C:\Users\ulzlot\.m2\repository\com\github\fommil\netlib\core\1.1.2\core-1.1.2.jar;C:\Users\ulzlot\.m2\repository\net\sourceforge\f2j\arpack_combined_all\0.1\arpack_combined_all-0.1.jar;C:\Users\ulzlot\.m2\repository\org\apache\spark\spark-mllib-local_2.11\2.4.3\spark-mllib-local_2.11-2.4.3.jar;C:\Users\ulzlot\.m2\repository\org\scalanlp\breeze_2.11\0.13.2\breeze_2.11-0.13.2.jar;C:\Users\ulzlot\.m2\repository\org\scalanlp\breeze-macros_2.11\0.13.2\breeze-macros_2.11-0.13.2.jar;C:\Users\ulzlot\.m2\repository\net\sf\opencsv\opencsv\2.3\opencsv-2.3.jar;C:\Users\ulzlot\.m2\repository\com\github\rwl\jtransforms\2.4.0\jtransforms-2.4.0.jar;C:\Users\ulzlot\.m2\repository\org\spire-math\spire_2.11\0.13.0\spire_2.11-0.13.0.jar;C:\Users\ulzlot\.m2\repository\org\spire-math\spire-macros_2.11\0.13.0\spire-macros_2.11-0.13.0.jar;C:\Users\ulzlot\.m2\repository\org\typelevel\machinist_2.11\0.6.1\machinist_2.11-0.6.1.jar;C:\Users\ulzlot\.m2\repository\com\chuusai\shapeless_2.11\2.3.2\shapeless_2.11-2.3.2.jar;C:\Users\ulzlot\.m2\repository\org\typelevel\macro-compat_2.11\1.1.1\macro-compat_2.11-1.1.1.jar;C:\Users\ulzlot\.m2\repository\org\apache\spark\spark-tags_2.11\2.4.3\spark-tags_2.11-2.4.3.jar;C:\Users\ulzlot\.m2\repository\org\apache\hadoop\hadoop-mapreduce-examples\2.7.3\hadoop-mapreduce-examples-2.7.3.jar;C:\Users\ulzlot\.m2\repository\commons-cli\commons-cli\1.2\commons-cli-1.2.jar;C:\Users\ulzlot\.m2\repository\commons-logging\commons-logging\1.1.3\commons-logging-1.1.3.jar;C:\Users\ulzlot\.m2\repository\org\apache\hadoop\hadoop-hdfs\2.7.3\hadoop-hdfs-2.7.3.jar;C:\Users\ulzlot\.m2\repository\commons-daemon\commons-daemon\1.0.13\commons-daemon-1.0.13.jar;C:\Users\ulzlot\.m2\repository\xerces\xercesImpl\2.9.1\xercesImpl-2.9.1.jar;C:\Users\ulzlot\.m2\repository\xml-apis\xml-apis\1.3.04\xml-apis-1.3.04.jar;C:\Users\ulzlot\.m2\repository\org\apache\hadoop\hadoop-mapreduce-client-common\2.7.3\hadoop-mapreduce-client-common-2.7.3.jar;C:\Users\ulzlot\.m2\repository\org\apache\hadoop\hadoop-yarn-common\2.7.3\hadoop-yarn-common-2.7.3.jar;C:\Users\ulzlot\.m2\repository\javax\xml\bind\jaxb-api\2.3.1\jaxb-api-2.3.1.jar;C:\Users\ulzlot\.m2\repository\javax\activation\javax.activation-api\1.2.0\javax.activation-api-1.2.0.jar;C:\Users\ulzlot\.m2\repository\com\sun\jersey\jersey-client\1.9\jersey-client-1.9.jar;C:\Users\ulzlot\.m2\repository\org\codehaus\jackson\jackson-jaxrs\1.9.13\jackson-jaxrs-1.9.13.jar;C:\Users\ulzlot\.m2\repository\org\codehaus\jackson\jackson-xc\1.9.13\jackson-xc-1.9.13.jar;C:\Users\ulzlot\.m2\repository\com\google\inject\guice\3.0\guice-3.0.jar;C:\Users\ulzlot\.m2\repository\javax\inject\javax.inject\1\javax.inject-1.jar;C:\Users\ulzlot\.m2\repository\aopalliance\aopalliance\1.0\aopalliance-1.0.jar;C:\Users\ulzlot\.m2\repository\com\sun\jersey\contribs\jersey-guice\1.9\jersey-guice-1.9.jar;C:\Users\ulzlot\.m2\repository\org\apache\hadoop\hadoop-yarn-client\2.7.3\hadoop-yarn-client-2.7.3.jar;C:\Users\ulzlot\.m2\repository\org\apache\hadoop\hadoop-mapreduce-client-core\2.7.3\hadoop-mapreduce-client-core-2.7.3.jar;C:\Users\ulzlot\.m2\repository\org\apache\hadoop\hadoop-yarn-server-common\2.7.3\hadoop-yarn-server-common-2.7.3.jar;C:\Users\ulzlot\.m2\repository\com\google\protobuf\protobuf-java\2.5.0\protobuf-java-2.5.0.jar;C:\Users\ulzlot\.m2\repository\org\apache\hadoop\hadoop-annotations\2.7.3\hadoop-annotations-2.7.3.jar;C:\Users\ulzlot\.m2\repository\com\google\inject\extensions\guice-servlet\3.0\guice-servlet-3.0.jar;C:\Users\ulzlot\.m2\repository\org\apache\hadoop\hadoop-common\2.7.3\hadoop-common-2.7.3.jar;C:\Users\ulzlot\.m2\repository\com\google\guava\guava\11.0.2\guava-11.0.2.jar;C:\Users\ulzlot\.m2\repository\xmlenc\xmlenc\0.52\xmlenc-0.52.jar;C:\Users\ulzlot\.m2\repository\commons-httpclient\commons-httpclient\3.1\commons-httpclient-3.1.jar;C:\Users\ulzlot\.m2\repository\commons-codec\commons-codec\1.13\commons-codec-1.13.jar;C:\Users\ulzlot\.m2\repository\commons-io\commons-io\2.4\commons-io-2.4.jar;C:\Users\ulzlot\.m2\repository\commons-collections\commons-collections\3.2.2\commons-collections-3.2.2.jar;C:\Users\ulzlot\.m2\repository\javax\servlet\servlet-api\2.5\servlet-api-2.5.jar;C:\Users\ulzlot\.m2\repository\org\mortbay\jetty\jetty\6.1.26\jetty-6.1.26.jar;C:\Users\ulzlot\.m2\repository\org\mortbay\jetty\jetty-util\6.1.26\jetty-util-6.1.26.jar;C:\Users\ulzlot\.m2\repository\javax\servlet\jsp\jsp-api\2.1\jsp-api-2.1.jar;C:\Users\ulzlot\.m2\repository\com\sun\jersey\jersey-core\1.9\jersey-core-1.9.jar;C:\Users\ulzlot\.m2\repository\com\sun\jersey\jersey-json\1.9\jersey-json-1.9.jar;C:\Users\ulzlot\.m2\repository\org\codehaus\jettison\jettison\1.1\jettison-1.1.jar;C:\Users\ulzlot\.m2\repository\com\sun\xml\bind\jaxb-impl\2.2.3-1\jaxb-impl-2.2.3-1.jar;C:\Users\ulzlot\.m2\repository\com\sun\jersey\jersey-server\1.9\jersey-server-1.9.jar;C:\Users\ulzlot\.m2\repository\asm\asm\3.1\asm-3.1.jar;C:\Users\ulzlot\.m2\repository\net\java\dev\jets3t\jets3t\0.9.0\jets3t-0.9.0.jar;C:\Users\ulzlot\.m2\repository\org\apache\httpcomponents\httpclient\4.5.12\httpclient-4.5.12.jar;C:\Users\ulzlot\.m2\repository\org\apache\httpcomponents\httpcore\4.4.13\httpcore-4.4.13.jar;C:\Users\ulzlot\.m2\repository\com\jamesmurty\utils\java-xmlbuilder\0.4\java-xmlbuilder-0.4.jar;C:\Users\ulzlot\.m2\repository\commons-lang\commons-lang\2.6\commons-lang-2.6.jar;C:\Users\ulzlot\.m2\repository\commons-configuration\commons-configuration\1.6\commons-configuration-1.6.jar;C:\Users\ulzlot\.m2\repository\commons-digester\commons-digester\1.8\commons-digester-1.8.jar;C:\Users\ulzlot\.m2\repository\commons-beanutils\commons-beanutils\1.7.0\commons-beanutils-1.7.0.jar;C:\Users\ulzlot\.m2\repository\commons-beanutils\commons-beanutils-core\1.8.0\commons-beanutils-core-1.8.0.jar;C:\Users\ulzlot\.m2\repository\org\codehaus\jackson\jackson-core-asl\1.9.13\jackson-core-asl-1.9.13.jar;C:\Users\ulzlot\.m2\repository\org\codehaus\jackson\jackson-mapper-asl\1.9.13\jackson-mapper-asl-1.9.13.jar;C:\Users\ulzlot\.m2\repository\com\google\code\gson\gson\2.8.6\gson-2.8.6.jar;C:\Users\ulzlot\.m2\repository\org\apache\hadoop\hadoop-auth\2.7.3\hadoop-auth-2.7.3.jar;C:\Users\ulzlot\.m2\repository\org\apache\directory\server\apacheds-kerberos-codec\2.0.0-M15\apacheds-kerberos-codec-2.0.0-M15.jar;C:\Users\ulzlot\.m2\repository\org\apache\directory\server\apacheds-i18n\2.0.0-M15\apacheds-i18n-2.0.0-M15.jar;C:\Users\ulzlot\.m2\repository\org\apache\directory\api\api-asn1-api\1.0.0-M20\api-asn1-api-1.0.0-M20.jar;C:\Users\ulzlot\.m2\repository\org\apache\directory\api\api-util\1.0.0-M20\api-util-1.0.0-M20.jar;C:\Users\ulzlot\.m2\repository\com\jcraft\jsch\0.1.42\jsch-0.1.42.jar;C:\Users\ulzlot\.m2\repository\org\apache\curator\curator-client\2.7.1\curator-client-2.7.1.jar;C:\Users\ulzlot\.m2\repository\org\apache\htrace\htrace-core\3.1.0-incubating\htrace-core-3.1.0-incubating.jar;C:\Users\ulzlot\.m2\repository\org\apache\commons\commons-compress\1.4.1\commons-compress-1.4.1.jar;"/>
    <property name="java.vm.vendor" value="Oracle Corporation"/>
    <property name="sun.arch.data.model" value="64"/>
    <property name="user.variant" value=""/>
    <property name="java.vendor.url" value="https://java.oracle.com/"/>
    <property name="user.timezone" value="Europe/Berlin"/>
    <property name="os.name" value="Windows 10"/>
    <property name="java.vm.specification.version" value="14"/>
    <property name="sun.java.launcher" value="SUN_STANDARD"/>
    <property name="user.country" value="DE"/>
    <property name="sun.boot.library.path" value="C:\Program Files\Java\jdk-14.0.1\bin"/>
    <property name="sun.java.command" value="C:\Users\ulzlot\AppData\Local\Temp\surefire9348743855605018231\surefirebooter17407422898779449376.jar C:\Users\ulzlot\AppData\Local\Temp\surefire9348743855605018231 2020-04-28T07-43-59_820-jvmRun1 surefire7049261113974901850tmp surefire_09445327881573974074tmp"/>
    <property name="jdk.debug" value="release"/>
    <property name="surefire.test.class.path" value="C:\lul\spring-spark-word-analyse\target\test-classes;C:\lul\spring-spark-word-analyse\target\classes;C:\Users\ulzlot\.m2\repository\org\springframework\boot\spring-boot-starter-web\2.2.6.RELEASE\spring-boot-starter-web-2.2.6.RELEASE.jar;C:\Users\ulzlot\.m2\repository\org\springframework\boot\spring-boot-starter\2.2.6.RELEASE\spring-boot-starter-2.2.6.RELEASE.jar;C:\Users\ulzlot\.m2\repository\org\springframework\boot\spring-boot\2.2.6.RELEASE\spring-boot-2.2.6.RELEASE.jar;C:\Users\ulzlot\.m2\repository\org\springframework\boot\spring-boot-autoconfigure\2.2.6.RELEASE\spring-boot-autoconfigure-2.2.6.RELEASE.jar;C:\Users\ulzlot\.m2\repository\org\springframework\boot\spring-boot-starter-logging\2.2.6.RELEASE\spring-boot-starter-logging-2.2.6.RELEASE.jar;C:\Users\ulzlot\.m2\repository\ch\qos\logback\logback-classic\1.2.3\logback-classic-1.2.3.jar;C:\Users\ulzlot\.m2\repository\ch\qos\logback\logback-core\1.2.3\logback-core-1.2.3.jar;C:\Users\ulzlot\.m2\repository\org\apache\logging\log4j\log4j-to-slf4j\2.12.1\log4j-to-slf4j-2.12.1.jar;C:\Users\ulzlot\.m2\repository\org\apache\logging\log4j\log4j-api\2.12.1\log4j-api-2.12.1.jar;C:\Users\ulzlot\.m2\repository\jakarta\annotation\jakarta.annotation-api\1.3.5\jakarta.annotation-api-1.3.5.jar;C:\Users\ulzlot\.m2\repository\org\yaml\snakeyaml\1.25\snakeyaml-1.25.jar;C:\Users\ulzlot\.m2\repository\org\springframework\boot\spring-boot-starter-json\2.2.6.RELEASE\spring-boot-starter-json-2.2.6.RELEASE.jar;C:\Users\ulzlot\.m2\repository\com\fasterxml\jackson\datatype\jackson-datatype-jdk8\2.10.3\jackson-datatype-jdk8-2.10.3.jar;C:\Users\ulzlot\.m2\repository\com\fasterxml\jackson\datatype\jackson-datatype-jsr310\2.10.3\jackson-datatype-jsr310-2.10.3.jar;C:\Users\ulzlot\.m2\repository\com\fasterxml\jackson\module\jackson-module-parameter-names\2.10.3\jackson-module-parameter-names-2.10.3.jar;C:\Users\ulzlot\.m2\repository\org\springframework\boot\spring-boot-starter-tomcat\2.2.6.RELEASE\spring-boot-starter-tomcat-2.2.6.RELEASE.jar;C:\Users\ulzlot\.m2\repository\org\apache\tomcat\embed\tomcat-embed-core\9.0.33\tomcat-embed-core-9.0.33.jar;C:\Users\ulzlot\.m2\repository\org\apache\tomcat\embed\tomcat-embed-el\9.0.33\tomcat-embed-el-9.0.33.jar;C:\Users\ulzlot\.m2\repository\org\apache\tomcat\embed\tomcat-embed-websocket\9.0.33\tomcat-embed-websocket-9.0.33.jar;C:\Users\ulzlot\.m2\repository\org\springframework\boot\spring-boot-starter-validation\2.2.6.RELEASE\spring-boot-starter-validation-2.2.6.RELEASE.jar;C:\Users\ulzlot\.m2\repository\jakarta\validation\jakarta.validation-api\2.0.2\jakarta.validation-api-2.0.2.jar;C:\Users\ulzlot\.m2\repository\org\hibernate\validator\hibernate-validator\6.0.18.Final\hibernate-validator-6.0.18.Final.jar;C:\Users\ulzlot\.m2\repository\org\jboss\logging\jboss-logging\3.4.1.Final\jboss-logging-3.4.1.Final.jar;C:\Users\ulzlot\.m2\repository\com\fasterxml\classmate\1.5.1\classmate-1.5.1.jar;C:\Users\ulzlot\.m2\repository\org\springframework\spring-web\5.2.5.RELEASE\spring-web-5.2.5.RELEASE.jar;C:\Users\ulzlot\.m2\repository\org\springframework\spring-beans\5.2.5.RELEASE\spring-beans-5.2.5.RELEASE.jar;C:\Users\ulzlot\.m2\repository\org\springframework\spring-webmvc\5.2.5.RELEASE\spring-webmvc-5.2.5.RELEASE.jar;C:\Users\ulzlot\.m2\repository\org\springframework\spring-aop\5.2.5.RELEASE\spring-aop-5.2.5.RELEASE.jar;C:\Users\ulzlot\.m2\repository\org\springframework\spring-context\5.2.5.RELEASE\spring-context-5.2.5.RELEASE.jar;C:\Users\ulzlot\.m2\repository\org\springframework\spring-expression\5.2.5.RELEASE\spring-expression-5.2.5.RELEASE.jar;C:\Users\ulzlot\.m2\repository\org\springframework\boot\spring-boot-starter-test\2.2.6.RELEASE\spring-boot-starter-test-2.2.6.RELEASE.jar;C:\Users\ulzlot\.m2\repository\org\springframework\boot\spring-boot-test\2.2.6.RELEASE\spring-boot-test-2.2.6.RELEASE.jar;C:\Users\ulzlot\.m2\repository\org\springframework\boot\spring-boot-test-autoconfigure\2.2.6.RELEASE\spring-boot-test-autoconfigure-2.2.6.RELEASE.jar;C:\Users\ulzlot\.m2\repository\com\jayway\jsonpath\json-path\2.4.0\json-path-2.4.0.jar;C:\Users\ulzlot\.m2\repository\net\minidev\json-smart\2.3\json-smart-2.3.jar;C:\Users\ulzlot\.m2\repository\net\minidev\accessors-smart\1.2\accessors-smart-1.2.jar;C:\Users\ulzlot\.m2\repository\org\ow2\asm\asm\5.0.4\asm-5.0.4.jar;C:\Users\ulzlot\.m2\repository\jakarta\xml\bind\jakarta.xml.bind-api\2.3.3\jakarta.xml.bind-api-2.3.3.jar;C:\Users\ulzlot\.m2\repository\jakarta\activation\jakarta.activation-api\1.2.2\jakarta.activation-api-1.2.2.jar;C:\Users\ulzlot\.m2\repository\org\junit\jupiter\junit-jupiter\5.5.2\junit-jupiter-5.5.2.jar;C:\Users\ulzlot\.m2\repository\org\junit\jupiter\junit-jupiter-api\5.5.2\junit-jupiter-api-5.5.2.jar;C:\Users\ulzlot\.m2\repository\org\apiguardian\apiguardian-api\1.1.0\apiguardian-api-1.1.0.jar;C:\Users\ulzlot\.m2\repository\org\opentest4j\opentest4j\1.2.0\opentest4j-1.2.0.jar;C:\Users\ulzlot\.m2\repository\org\junit\platform\junit-platform-commons\1.5.2\junit-platform-commons-1.5.2.jar;C:\Users\ulzlot\.m2\repository\org\junit\jupiter\junit-jupiter-params\5.5.2\junit-jupiter-params-5.5.2.jar;C:\Users\ulzlot\.m2\repository\org\junit\jupiter\junit-jupiter-engine\5.5.2\junit-jupiter-engine-5.5.2.jar;C:\Users\ulzlot\.m2\repository\org\junit\platform\junit-platform-engine\1.5.2\junit-platform-engine-1.5.2.jar;C:\Users\ulzlot\.m2\repository\org\mockito\mockito-junit-jupiter\3.1.0\mockito-junit-jupiter-3.1.0.jar;C:\Users\ulzlot\.m2\repository\org\assertj\assertj-core\3.13.2\assertj-core-3.13.2.jar;C:\Users\ulzlot\.m2\repository\org\hamcrest\hamcrest\2.1\hamcrest-2.1.jar;C:\Users\ulzlot\.m2\repository\org\mockito\mockito-core\3.1.0\mockito-core-3.1.0.jar;C:\Users\ulzlot\.m2\repository\net\bytebuddy\byte-buddy\1.10.8\byte-buddy-1.10.8.jar;C:\Users\ulzlot\.m2\repository\net\bytebuddy\byte-buddy-agent\1.10.8\byte-buddy-agent-1.10.8.jar;C:\Users\ulzlot\.m2\repository\org\objenesis\objenesis\2.6\objenesis-2.6.jar;C:\Users\ulzlot\.m2\repository\org\skyscreamer\jsonassert\1.5.0\jsonassert-1.5.0.jar;C:\Users\ulzlot\.m2\repository\com\vaadin\external\google\android-json\0.0.20131108.vaadin1\android-json-0.0.20131108.vaadin1.jar;C:\Users\ulzlot\.m2\repository\org\springframework\spring-core\5.2.5.RELEASE\spring-core-5.2.5.RELEASE.jar;C:\Users\ulzlot\.m2\repository\org\springframework\spring-jcl\5.2.5.RELEASE\spring-jcl-5.2.5.RELEASE.jar;C:\Users\ulzlot\.m2\repository\org\springframework\spring-test\5.2.5.RELEASE\spring-test-5.2.5.RELEASE.jar;C:\Users\ulzlot\.m2\repository\org\xmlunit\xmlunit-core\2.6.4\xmlunit-core-2.6.4.jar;C:\Users\ulzlot\.m2\repository\com\thoughtworks\paranamer\paranamer\2.8\paranamer-2.8.jar;C:\Users\ulzlot\.m2\repository\org\apache\spark\spark-core_2.12\2.4.0\spark-core_2.12-2.4.0.jar;C:\Users\ulzlot\.m2\repository\org\apache\avro\avro\1.8.2\avro-1.8.2.jar;C:\Users\ulzlot\.m2\repository\org\tukaani\xz\1.5\xz-1.5.jar;C:\Users\ulzlot\.m2\repository\org\apache\avro\avro-mapred\1.8.2\avro-mapred-1.8.2-hadoop2.jar;C:\Users\ulzlot\.m2\repository\org\apache\avro\avro-ipc\1.8.2\avro-ipc-1.8.2.jar;C:\Users\ulzlot\.m2\repository\com\twitter\chill_2.12\0.9.3\chill_2.12-0.9.3.jar;C:\Users\ulzlot\.m2\repository\com\esotericsoftware\kryo-shaded\4.0.2\kryo-shaded-4.0.2.jar;C:\Users\ulzlot\.m2\repository\com\esotericsoftware\minlog\1.3.0\minlog-1.3.0.jar;C:\Users\ulzlot\.m2\repository\com\twitter\chill-java\0.9.3\chill-java-0.9.3.jar;C:\Users\ulzlot\.m2\repository\org\apache\xbean\xbean-asm6-shaded\4.8\xbean-asm6-shaded-4.8.jar;C:\Users\ulzlot\.m2\repository\org\apache\hadoop\hadoop-client\2.6.5\hadoop-client-2.6.5.jar;C:\Users\ulzlot\.m2\repository\org\apache\hadoop\hadoop-mapreduce-client-app\2.6.5\hadoop-mapreduce-client-app-2.6.5.jar;C:\Users\ulzlot\.m2\repository\org\apache\hadoop\hadoop-mapreduce-client-shuffle\2.6.5\hadoop-mapreduce-client-shuffle-2.6.5.jar;C:\Users\ulzlot\.m2\repository\org\apache\hadoop\hadoop-yarn-api\2.6.5\hadoop-yarn-api-2.6.5.jar;C:\Users\ulzlot\.m2\repository\org\apache\hadoop\hadoop-mapreduce-client-jobclient\2.6.5\hadoop-mapreduce-client-jobclient-2.6.5.jar;C:\Users\ulzlot\.m2\repository\org\apache\spark\spark-launcher_2.12\2.4.0\spark-launcher_2.12-2.4.0.jar;C:\Users\ulzlot\.m2\repository\org\apache\spark\spark-kvstore_2.12\2.4.0\spark-kvstore_2.12-2.4.0.jar;C:\Users\ulzlot\.m2\repository\org\fusesource\leveldbjni\leveldbjni-all\1.8\leveldbjni-all-1.8.jar;C:\Users\ulzlot\.m2\repository\com\fasterxml\jackson\core\jackson-core\2.10.3\jackson-core-2.10.3.jar;C:\Users\ulzlot\.m2\repository\com\fasterxml\jackson\core\jackson-annotations\2.10.3\jackson-annotations-2.10.3.jar;C:\Users\ulzlot\.m2\repository\org\apache\spark\spark-network-common_2.12\2.4.0\spark-network-common_2.12-2.4.0.jar;C:\Users\ulzlot\.m2\repository\org\apache\spark\spark-network-shuffle_2.12\2.4.0\spark-network-shuffle_2.12-2.4.0.jar;C:\Users\ulzlot\.m2\repository\org\apache\spark\spark-unsafe_2.12\2.4.0\spark-unsafe_2.12-2.4.0.jar;C:\Users\ulzlot\.m2\repository\javax\activation\activation\1.1.1\activation-1.1.1.jar;C:\Users\ulzlot\.m2\repository\org\apache\curator\curator-recipes\2.6.0\curator-recipes-2.6.0.jar;C:\Users\ulzlot\.m2\repository\org\apache\curator\curator-framework\2.6.0\curator-framework-2.6.0.jar;C:\Users\ulzlot\.m2\repository\org\apache\zookeeper\zookeeper\3.4.6\zookeeper-3.4.6.jar;C:\Users\ulzlot\.m2\repository\javax\servlet\javax.servlet-api\4.0.1\javax.servlet-api-4.0.1.jar;C:\Users\ulzlot\.m2\repository\org\apache\commons\commons-lang3\3.9\commons-lang3-3.9.jar;C:\Users\ulzlot\.m2\repository\org\apache\commons\commons-math3\3.4.1\commons-math3-3.4.1.jar;C:\Users\ulzlot\.m2\repository\com\google\code\findbugs\jsr305\1.3.9\jsr305-1.3.9.jar;C:\Users\ulzlot\.m2\repository\org\slf4j\slf4j-api\1.7.30\slf4j-api-1.7.30.jar;C:\Users\ulzlot\.m2\repository\org\slf4j\jul-to-slf4j\1.7.30\jul-to-slf4j-1.7.30.jar;C:\Users\ulzlot\.m2\repository\org\slf4j\jcl-over-slf4j\1.7.30\jcl-over-slf4j-1.7.30.jar;C:\Users\ulzlot\.m2\repository\log4j\log4j\1.2.17\log4j-1.2.17.jar;C:\Users\ulzlot\.m2\repository\org\slf4j\slf4j-log4j12\1.7.30\slf4j-log4j12-1.7.30.jar;C:\Users\ulzlot\.m2\repository\com\ning\compress-lzf\1.0.3\compress-lzf-1.0.3.jar;C:\Users\ulzlot\.m2\repository\org\xerial\snappy\snappy-java\1.1.7.1\snappy-java-1.1.7.1.jar;C:\Users\ulzlot\.m2\repository\org\lz4\lz4-java\1.4.0\lz4-java-1.4.0.jar;C:\Users\ulzlot\.m2\repository\com\github\luben\zstd-jni\1.3.2-2\zstd-jni-1.3.2-2.jar;C:\Users\ulzlot\.m2\repository\org\roaringbitmap\RoaringBitmap\0.5.11\RoaringBitmap-0.5.11.jar;C:\Users\ulzlot\.m2\repository\commons-net\commons-net\3.1\commons-net-3.1.jar;C:\Users\ulzlot\.m2\repository\org\scala-lang\scala-library\2.12.7\scala-library-2.12.7.jar;C:\Users\ulzlot\.m2\repository\org\json4s\json4s-jackson_2.12\3.5.3\json4s-jackson_2.12-3.5.3.jar;C:\Users\ulzlot\.m2\repository\org\json4s\json4s-core_2.12\3.5.3\json4s-core_2.12-3.5.3.jar;C:\Users\ulzlot\.m2\repository\org\json4s\json4s-ast_2.12\3.5.3\json4s-ast_2.12-3.5.3.jar;C:\Users\ulzlot\.m2\repository\org\json4s\json4s-scalap_2.12\3.5.3\json4s-scalap_2.12-3.5.3.jar;C:\Users\ulzlot\.m2\repository\org\scala-lang\modules\scala-xml_2.12\1.0.6\scala-xml_2.12-1.0.6.jar;C:\Users\ulzlot\.m2\repository\org\glassfish\jersey\core\jersey-client\2.29.1\jersey-client-2.29.1.jar;C:\Users\ulzlot\.m2\repository\jakarta\ws\rs\jakarta.ws.rs-api\2.1.6\jakarta.ws.rs-api-2.1.6.jar;C:\Users\ulzlot\.m2\repository\org\glassfish\hk2\external\jakarta.inject\2.6.1\jakarta.inject-2.6.1.jar;C:\Users\ulzlot\.m2\repository\org\glassfish\jersey\core\jersey-common\2.29.1\jersey-common-2.29.1.jar;C:\Users\ulzlot\.m2\repository\org\glassfish\hk2\osgi-resource-locator\1.0.3\osgi-resource-locator-1.0.3.jar;C:\Users\ulzlot\.m2\repository\com\sun\activation\jakarta.activation\1.2.2\jakarta.activation-1.2.2.jar;C:\Users\ulzlot\.m2\repository\org\glassfish\jersey\core\jersey-server\2.29.1\jersey-server-2.29.1.jar;C:\Users\ulzlot\.m2\repository\org\glassfish\jersey\media\jersey-media-jaxb\2.29.1\jersey-media-jaxb-2.29.1.jar;C:\Users\ulzlot\.m2\repository\org\glassfish\jersey\containers\jersey-container-servlet\2.29.1\jersey-container-servlet-2.29.1.jar;C:\Users\ulzlot\.m2\repository\org\glassfish\jersey\containers\jersey-container-servlet-core\2.29.1\jersey-container-servlet-core-2.29.1.jar;C:\Users\ulzlot\.m2\repository\io\netty\netty-all\4.1.48.Final\netty-all-4.1.48.Final.jar;C:\Users\ulzlot\.m2\repository\io\netty\netty\3.9.9.Final\netty-3.9.9.Final.jar;C:\Users\ulzlot\.m2\repository\com\clearspring\analytics\stream\2.7.0\stream-2.7.0.jar;C:\Users\ulzlot\.m2\repository\io\dropwizard\metrics\metrics-core\4.1.5\metrics-core-4.1.5.jar;C:\Users\ulzlot\.m2\repository\io\dropwizard\metrics\metrics-jvm\4.1.5\metrics-jvm-4.1.5.jar;C:\Users\ulzlot\.m2\repository\io\dropwizard\metrics\metrics-json\4.1.5\metrics-json-4.1.5.jar;C:\Users\ulzlot\.m2\repository\io\dropwizard\metrics\metrics-graphite\4.1.5\metrics-graphite-4.1.5.jar;C:\Users\ulzlot\.m2\repository\com\rabbitmq\amqp-client\5.7.3\amqp-client-5.7.3.jar;C:\Users\ulzlot\.m2\repository\com\fasterxml\jackson\core\jackson-databind\2.10.3\jackson-databind-2.10.3.jar;C:\Users\ulzlot\.m2\repository\com\fasterxml\jackson\module\jackson-module-scala_2.12\2.10.3\jackson-module-scala_2.12-2.10.3.jar;C:\Users\ulzlot\.m2\repository\com\fasterxml\jackson\module\jackson-module-paranamer\2.10.3\jackson-module-paranamer-2.10.3.jar;C:\Users\ulzlot\.m2\repository\org\apache\ivy\ivy\2.4.0\ivy-2.4.0.jar;C:\Users\ulzlot\.m2\repository\oro\oro\2.0.8\oro-2.0.8.jar;C:\Users\ulzlot\.m2\repository\net\razorvine\pyrolite\4.13\pyrolite-4.13.jar;C:\Users\ulzlot\.m2\repository\net\sf\py4j\py4j\0.10.7\py4j-0.10.7.jar;C:\Users\ulzlot\.m2\repository\org\apache\spark\spark-tags_2.12\2.4.0\spark-tags_2.12-2.4.0.jar;C:\Users\ulzlot\.m2\repository\org\apache\commons\commons-crypto\1.0.0\commons-crypto-1.0.0.jar;C:\Users\ulzlot\.m2\repository\org\spark-project\spark\unused\1.0.0\unused-1.0.0.jar;C:\Users\ulzlot\.m2\repository\org\apache\spark\spark-mllib_2.11\2.4.3\spark-mllib_2.11-2.4.3.jar;C:\Users\ulzlot\.m2\repository\org\scala-lang\modules\scala-parser-combinators_2.11\1.1.0\scala-parser-combinators_2.11-1.1.0.jar;C:\Users\ulzlot\.m2\repository\org\apache\spark\spark-core_2.11\2.4.3\spark-core_2.11-2.4.3.jar;C:\Users\ulzlot\.m2\repository\com\twitter\chill_2.11\0.9.3\chill_2.11-0.9.3.jar;C:\Users\ulzlot\.m2\repository\org\apache\spark\spark-launcher_2.11\2.4.3\spark-launcher_2.11-2.4.3.jar;C:\Users\ulzlot\.m2\repository\org\apache\spark\spark-kvstore_2.11\2.4.3\spark-kvstore_2.11-2.4.3.jar;C:\Users\ulzlot\.m2\repository\org\apache\spark\spark-network-common_2.11\2.4.3\spark-network-common_2.11-2.4.3.jar;C:\Users\ulzlot\.m2\repository\org\apache\spark\spark-network-shuffle_2.11\2.4.3\spark-network-shuffle_2.11-2.4.3.jar;C:\Users\ulzlot\.m2\repository\org\apache\spark\spark-unsafe_2.11\2.4.3\spark-unsafe_2.11-2.4.3.jar;C:\Users\ulzlot\.m2\repository\org\json4s\json4s-jackson_2.11\3.5.3\json4s-jackson_2.11-3.5.3.jar;C:\Users\ulzlot\.m2\repository\org\json4s\json4s-core_2.11\3.5.3\json4s-core_2.11-3.5.3.jar;C:\Users\ulzlot\.m2\repository\org\json4s\json4s-ast_2.11\3.5.3\json4s-ast_2.11-3.5.3.jar;C:\Users\ulzlot\.m2\repository\org\json4s\json4s-scalap_2.11\3.5.3\json4s-scalap_2.11-3.5.3.jar;C:\Users\ulzlot\.m2\repository\org\scala-lang\modules\scala-xml_2.11\1.0.6\scala-xml_2.11-1.0.6.jar;C:\Users\ulzlot\.m2\repository\com\fasterxml\jackson\module\jackson-module-scala_2.11\2.10.3\jackson-module-scala_2.11-2.10.3.jar;C:\Users\ulzlot\.m2\repository\org\apache\spark\spark-streaming_2.11\2.4.3\spark-streaming_2.11-2.4.3.jar;C:\Users\ulzlot\.m2\repository\org\apache\spark\spark-sql_2.11\2.4.3\spark-sql_2.11-2.4.3.jar;C:\Users\ulzlot\.m2\repository\com\univocity\univocity-parsers\2.7.3\univocity-parsers-2.7.3.jar;C:\Users\ulzlot\.m2\repository\org\apache\spark\spark-sketch_2.11\2.4.3\spark-sketch_2.11-2.4.3.jar;C:\Users\ulzlot\.m2\repository\org\apache\spark\spark-catalyst_2.11\2.4.3\spark-catalyst_2.11-2.4.3.jar;C:\Users\ulzlot\.m2\repository\org\scala-lang\scala-reflect\2.11.12\scala-reflect-2.11.12.jar;C:\Users\ulzlot\.m2\repository\org\codehaus\janino\janino\3.1.2\janino-3.1.2.jar;C:\Users\ulzlot\.m2\repository\org\codehaus\janino\commons-compiler\3.1.2\commons-compiler-3.1.2.jar;C:\Users\ulzlot\.m2\repository\org\antlr\antlr4-runtime\4.7\antlr4-runtime-4.7.jar;C:\Users\ulzlot\.m2\repository\org\apache\orc\orc-core\1.5.5\orc-core-1.5.5-nohive.jar;C:\Users\ulzlot\.m2\repository\org\apache\orc\orc-shims\1.5.5\orc-shims-1.5.5.jar;C:\Users\ulzlot\.m2\repository\io\airlift\aircompressor\0.10\aircompressor-0.10.jar;C:\Users\ulzlot\.m2\repository\org\apache\orc\orc-mapreduce\1.5.5\orc-mapreduce-1.5.5-nohive.jar;C:\Users\ulzlot\.m2\repository\org\apache\parquet\parquet-column\1.10.1\parquet-column-1.10.1.jar;C:\Users\ulzlot\.m2\repository\org\apache\parquet\parquet-common\1.10.1\parquet-common-1.10.1.jar;C:\Users\ulzlot\.m2\repository\org\apache\parquet\parquet-encoding\1.10.1\parquet-encoding-1.10.1.jar;C:\Users\ulzlot\.m2\repository\org\apache\parquet\parquet-hadoop\1.10.1\parquet-hadoop-1.10.1.jar;C:\Users\ulzlot\.m2\repository\org\apache\parquet\parquet-format\2.4.0\parquet-format-2.4.0.jar;C:\Users\ulzlot\.m2\repository\org\apache\parquet\parquet-jackson\1.10.1\parquet-jackson-1.10.1.jar;C:\Users\ulzlot\.m2\repository\org\apache\arrow\arrow-vector\0.10.0\arrow-vector-0.10.0.jar;C:\Users\ulzlot\.m2\repository\org\apache\arrow\arrow-format\0.10.0\arrow-format-0.10.0.jar;C:\Users\ulzlot\.m2\repository\org\apache\arrow\arrow-memory\0.10.0\arrow-memory-0.10.0.jar;C:\Users\ulzlot\.m2\repository\joda-time\joda-time\2.10.5\joda-time-2.10.5.jar;C:\Users\ulzlot\.m2\repository\com\carrotsearch\hppc\0.7.2\hppc-0.7.2.jar;C:\Users\ulzlot\.m2\repository\com\vlkan\flatbuffers\1.2.0-3f79e055\flatbuffers-1.2.0-3f79e055.jar;C:\Users\ulzlot\.m2\repository\org\apache\spark\spark-graphx_2.11\2.4.3\spark-graphx_2.11-2.4.3.jar;C:\Users\ulzlot\.m2\repository\com\github\fommil\netlib\core\1.1.2\core-1.1.2.jar;C:\Users\ulzlot\.m2\repository\net\sourceforge\f2j\arpack_combined_all\0.1\arpack_combined_all-0.1.jar;C:\Users\ulzlot\.m2\repository\org\apache\spark\spark-mllib-local_2.11\2.4.3\spark-mllib-local_2.11-2.4.3.jar;C:\Users\ulzlot\.m2\repository\org\scalanlp\breeze_2.11\0.13.2\breeze_2.11-0.13.2.jar;C:\Users\ulzlot\.m2\repository\org\scalanlp\breeze-macros_2.11\0.13.2\breeze-macros_2.11-0.13.2.jar;C:\Users\ulzlot\.m2\repository\net\sf\opencsv\opencsv\2.3\opencsv-2.3.jar;C:\Users\ulzlot\.m2\repository\com\github\rwl\jtransforms\2.4.0\jtransforms-2.4.0.jar;C:\Users\ulzlot\.m2\repository\org\spire-math\spire_2.11\0.13.0\spire_2.11-0.13.0.jar;C:\Users\ulzlot\.m2\repository\org\spire-math\spire-macros_2.11\0.13.0\spire-macros_2.11-0.13.0.jar;C:\Users\ulzlot\.m2\repository\org\typelevel\machinist_2.11\0.6.1\machinist_2.11-0.6.1.jar;C:\Users\ulzlot\.m2\repository\com\chuusai\shapeless_2.11\2.3.2\shapeless_2.11-2.3.2.jar;C:\Users\ulzlot\.m2\repository\org\typelevel\macro-compat_2.11\1.1.1\macro-compat_2.11-1.1.1.jar;C:\Users\ulzlot\.m2\repository\org\apache\spark\spark-tags_2.11\2.4.3\spark-tags_2.11-2.4.3.jar;C:\Users\ulzlot\.m2\repository\org\apache\hadoop\hadoop-mapreduce-examples\2.7.3\hadoop-mapreduce-examples-2.7.3.jar;C:\Users\ulzlot\.m2\repository\commons-cli\commons-cli\1.2\commons-cli-1.2.jar;C:\Users\ulzlot\.m2\repository\commons-logging\commons-logging\1.1.3\commons-logging-1.1.3.jar;C:\Users\ulzlot\.m2\repository\org\apache\hadoop\hadoop-hdfs\2.7.3\hadoop-hdfs-2.7.3.jar;C:\Users\ulzlot\.m2\repository\commons-daemon\commons-daemon\1.0.13\commons-daemon-1.0.13.jar;C:\Users\ulzlot\.m2\repository\xerces\xercesImpl\2.9.1\xercesImpl-2.9.1.jar;C:\Users\ulzlot\.m2\repository\xml-apis\xml-apis\1.3.04\xml-apis-1.3.04.jar;C:\Users\ulzlot\.m2\repository\org\apache\hadoop\hadoop-mapreduce-client-common\2.7.3\hadoop-mapreduce-client-common-2.7.3.jar;C:\Users\ulzlot\.m2\repository\org\apache\hadoop\hadoop-yarn-common\2.7.3\hadoop-yarn-common-2.7.3.jar;C:\Users\ulzlot\.m2\repository\javax\xml\bind\jaxb-api\2.3.1\jaxb-api-2.3.1.jar;C:\Users\ulzlot\.m2\repository\javax\activation\javax.activation-api\1.2.0\javax.activation-api-1.2.0.jar;C:\Users\ulzlot\.m2\repository\com\sun\jersey\jersey-client\1.9\jersey-client-1.9.jar;C:\Users\ulzlot\.m2\repository\org\codehaus\jackson\jackson-jaxrs\1.9.13\jackson-jaxrs-1.9.13.jar;C:\Users\ulzlot\.m2\repository\org\codehaus\jackson\jackson-xc\1.9.13\jackson-xc-1.9.13.jar;C:\Users\ulzlot\.m2\repository\com\google\inject\guice\3.0\guice-3.0.jar;C:\Users\ulzlot\.m2\repository\javax\inject\javax.inject\1\javax.inject-1.jar;C:\Users\ulzlot\.m2\repository\aopalliance\aopalliance\1.0\aopalliance-1.0.jar;C:\Users\ulzlot\.m2\repository\com\sun\jersey\contribs\jersey-guice\1.9\jersey-guice-1.9.jar;C:\Users\ulzlot\.m2\repository\org\apache\hadoop\hadoop-yarn-client\2.7.3\hadoop-yarn-client-2.7.3.jar;C:\Users\ulzlot\.m2\repository\org\apache\hadoop\hadoop-mapreduce-client-core\2.7.3\hadoop-mapreduce-client-core-2.7.3.jar;C:\Users\ulzlot\.m2\repository\org\apache\hadoop\hadoop-yarn-server-common\2.7.3\hadoop-yarn-server-common-2.7.3.jar;C:\Users\ulzlot\.m2\repository\com\google\protobuf\protobuf-java\2.5.0\protobuf-java-2.5.0.jar;C:\Users\ulzlot\.m2\repository\org\apache\hadoop\hadoop-annotations\2.7.3\hadoop-annotations-2.7.3.jar;C:\Users\ulzlot\.m2\repository\com\google\inject\extensions\guice-servlet\3.0\guice-servlet-3.0.jar;C:\Users\ulzlot\.m2\repository\org\apache\hadoop\hadoop-common\2.7.3\hadoop-common-2.7.3.jar;C:\Users\ulzlot\.m2\repository\com\google\guava\guava\11.0.2\guava-11.0.2.jar;C:\Users\ulzlot\.m2\repository\xmlenc\xmlenc\0.52\xmlenc-0.52.jar;C:\Users\ulzlot\.m2\repository\commons-httpclient\commons-httpclient\3.1\commons-httpclient-3.1.jar;C:\Users\ulzlot\.m2\repository\commons-codec\commons-codec\1.13\commons-codec-1.13.jar;C:\Users\ulzlot\.m2\repository\commons-io\commons-io\2.4\commons-io-2.4.jar;C:\Users\ulzlot\.m2\repository\commons-collections\commons-collections\3.2.2\commons-collections-3.2.2.jar;C:\Users\ulzlot\.m2\repository\javax\servlet\servlet-api\2.5\servlet-api-2.5.jar;C:\Users\ulzlot\.m2\repository\org\mortbay\jetty\jetty\6.1.26\jetty-6.1.26.jar;C:\Users\ulzlot\.m2\repository\org\mortbay\jetty\jetty-util\6.1.26\jetty-util-6.1.26.jar;C:\Users\ulzlot\.m2\repository\javax\servlet\jsp\jsp-api\2.1\jsp-api-2.1.jar;C:\Users\ulzlot\.m2\repository\com\sun\jersey\jersey-core\1.9\jersey-core-1.9.jar;C:\Users\ulzlot\.m2\repository\com\sun\jersey\jersey-json\1.9\jersey-json-1.9.jar;C:\Users\ulzlot\.m2\repository\org\codehaus\jettison\jettison\1.1\jettison-1.1.jar;C:\Users\ulzlot\.m2\repository\com\sun\xml\bind\jaxb-impl\2.2.3-1\jaxb-impl-2.2.3-1.jar;C:\Users\ulzlot\.m2\repository\com\sun\jersey\jersey-server\1.9\jersey-server-1.9.jar;C:\Users\ulzlot\.m2\repository\asm\asm\3.1\asm-3.1.jar;C:\Users\ulzlot\.m2\repository\net\java\dev\jets3t\jets3t\0.9.0\jets3t-0.9.0.jar;C:\Users\ulzlot\.m2\repository\org\apache\httpcomponents\httpclient\4.5.12\httpclient-4.5.12.jar;C:\Users\ulzlot\.m2\repository\org\apache\httpcomponents\httpcore\4.4.13\httpcore-4.4.13.jar;C:\Users\ulzlot\.m2\repository\com\jamesmurty\utils\java-xmlbuilder\0.4\java-xmlbuilder-0.4.jar;C:\Users\ulzlot\.m2\repository\commons-lang\commons-lang\2.6\commons-lang-2.6.jar;C:\Users\ulzlot\.m2\repository\commons-configuration\commons-configuration\1.6\commons-configuration-1.6.jar;C:\Users\ulzlot\.m2\repository\commons-digester\commons-digester\1.8\commons-digester-1.8.jar;C:\Users\ulzlot\.m2\repository\commons-beanutils\commons-beanutils\1.7.0\commons-beanutils-1.7.0.jar;C:\Users\ulzlot\.m2\repository\commons-beanutils\commons-beanutils-core\1.8.0\commons-beanutils-core-1.8.0.jar;C:\Users\ulzlot\.m2\repository\org\codehaus\jackson\jackson-core-asl\1.9.13\jackson-core-asl-1.9.13.jar;C:\Users\ulzlot\.m2\repository\org\codehaus\jackson\jackson-mapper-asl\1.9.13\jackson-mapper-asl-1.9.13.jar;C:\Users\ulzlot\.m2\repository\com\google\code\gson\gson\2.8.6\gson-2.8.6.jar;C:\Users\ulzlot\.m2\repository\org\apache\hadoop\hadoop-auth\2.7.3\hadoop-auth-2.7.3.jar;C:\Users\ulzlot\.m2\repository\org\apache\directory\server\apacheds-kerberos-codec\2.0.0-M15\apacheds-kerberos-codec-2.0.0-M15.jar;C:\Users\ulzlot\.m2\repository\org\apache\directory\server\apacheds-i18n\2.0.0-M15\apacheds-i18n-2.0.0-M15.jar;C:\Users\ulzlot\.m2\repository\org\apache\directory\api\api-asn1-api\1.0.0-M20\api-asn1-api-1.0.0-M20.jar;C:\Users\ulzlot\.m2\repository\org\apache\directory\api\api-util\1.0.0-M20\api-util-1.0.0-M20.jar;C:\Users\ulzlot\.m2\repository\com\jcraft\jsch\0.1.42\jsch-0.1.42.jar;C:\Users\ulzlot\.m2\repository\org\apache\curator\curator-client\2.7.1\curator-client-2.7.1.jar;C:\Users\ulzlot\.m2\repository\org\apache\htrace\htrace-core\3.1.0-incubating\htrace-core-3.1.0-incubating.jar;C:\Users\ulzlot\.m2\repository\org\apache\commons\commons-compress\1.4.1\commons-compress-1.4.1.jar;"/>
    <property name="sun.cpu.endian" value="little"/>
    <property name="user.home" value="C:\Users\ulzlot"/>
    <property name="user.language" value="de"/>
    <property name="java.specification.vendor" value="Oracle Corporation"/>
    <property name="java.version.date" value="2020-04-14"/>
    <property name="java.home" value="C:\Program Files\Java\jdk-14.0.1"/>
    <property name="file.separator" value="\"/>
    <property name="basedir" value="C:\lul\spring-spark-word-analyse"/>
    <property name="java.vm.compressedOopsMode" value="32-bit"/>
    <property name="line.separator" value="&#10;"/>
    <property name="java.vm.specification.vendor" value="Oracle Corporation"/>
    <property name="java.specification.name" value="Java Platform API Specification"/>
    <property name="surefire.real.class.path" value="C:\Users\ulzlot\AppData\Local\Temp\surefire9348743855605018231\surefirebooter17407422898779449376.jar"/>
    <property name="user.script" value=""/>
    <property name="sun.management.compiler" value="HotSpot 64-Bit Tiered Compilers"/>
    <property name="java.runtime.version" value="14.0.1+7"/>
    <property name="user.name" value="ULZLOT"/>
    <property name="path.separator" value=";"/>
    <property name="os.version" value="10.0"/>
    <property name="java.runtime.name" value="Java(TM) SE Runtime Environment"/>
    <property name="file.encoding" value="Cp1252"/>
    <property name="java.vm.name" value="Java HotSpot(TM) 64-Bit Server VM"/>
    <property name="localRepository" value="C:\Users\ulzlot\.m2\repository"/>
    <property name="java.vendor.url.bug" value="https://bugreport.java.com/bugreport/"/>
    <property name="java.io.tmpdir" value="C:\Users\ulzlot\AppData\Local\Temp\"/>
    <property name="java.version" value="14.0.1"/>
    <property name="user.dir" value="C:\lul\spring-spark-word-analyse"/>
    <property name="os.arch" value="amd64"/>
    <property name="java.vm.specification.name" value="Java Virtual Machine Specification"/>
    <property name="sun.os.patch.level" value=""/>
    <property name="java.library.path" value="C:\Program Files\Java\jdk-14.0.1\bin;C:\WINDOWS\Sun\Java\bin;C:\WINDOWS\system32;C:\WINDOWS;C:\WINDOWS\system32;C:\WINDOWS;C:\WINDOWS\System32\Wbem;C:\WINDOWS\System32\WindowsPowerShell\v1.0\;C:\WINDOWS\System32\OpenSSH\;C:\Windows\CCM;C:\Windows\CCM;C:\Program Files\Docker\Docker\resources\bin;C:\ProgramData\DockerDesktop\version-bin;C:\Users\ulzlot\AppData\Local\Microsoft\WindowsApps;C:\Program Files\Java\jdk-14.0.1\bin;;."/>
    <property name="java.vm.info" value="mixed mode, sharing"/>
    <property name="java.vendor" value="Oracle Corporation"/>
    <property name="java.vm.version" value="14.0.1+7"/>
    <property name="sun.io.unicode.encoding" value="UnicodeLittle"/>
    <property name="java.class.version" value="58.0"/>
  </properties>
  <testcase name="com.nttdata.spring.spark.springsparkwordcount.SpringSparkWordCountApplicationTests" classname="com.nttdata.spring.spark.springsparkwordcount.SpringSparkWordCountApplicationTests" time="0.963">
    <error message="Unable to find a @SpringBootConfiguration, you need to use @ContextConfiguration or @SpringBootTest(classes=...) with your test" type="java.lang.IllegalStateException">java.lang.IllegalStateException: Unable to find a @SpringBootConfiguration, you need to use @ContextConfiguration or @SpringBootTest(classes=...) with your test
</error>
    <system-out><![CDATA[07:44:01.217 [main] DEBUG org.springframework.test.context.BootstrapUtils - Instantiating CacheAwareContextLoaderDelegate from class [org.springframework.test.context.cache.DefaultCacheAwareContextLoaderDelegate]
07:44:01.235 [main] DEBUG org.springframework.test.context.BootstrapUtils - Instantiating BootstrapContext using constructor [public org.springframework.test.context.support.DefaultBootstrapContext(java.lang.Class,org.springframework.test.context.CacheAwareContextLoaderDelegate)]
07:44:01.283 [main] DEBUG org.springframework.test.context.BootstrapUtils - Instantiating TestContextBootstrapper for test class [com.nttdata.spring.spark.springsparkwordcount.SpringSparkWordCountApplicationTests] from class [org.springframework.boot.test.context.SpringBootTestContextBootstrapper]
07:44:01.304 [main] INFO org.springframework.boot.test.context.SpringBootTestContextBootstrapper - Neither @ContextConfiguration nor @ContextHierarchy found for test class [com.nttdata.spring.spark.springsparkwordcount.SpringSparkWordCountApplicationTests], using SpringBootContextLoader
07:44:01.311 [main] DEBUG org.springframework.test.context.support.AbstractContextLoader - Did not detect default resource location for test class [com.nttdata.spring.spark.springsparkwordcount.SpringSparkWordCountApplicationTests]: class path resource [com/nttdata/spring/spark/springsparkwordcount/SpringSparkWordCountApplicationTests-context.xml] does not exist
07:44:01.312 [main] DEBUG org.springframework.test.context.support.AbstractContextLoader - Did not detect default resource location for test class [com.nttdata.spring.spark.springsparkwordcount.SpringSparkWordCountApplicationTests]: class path resource [com/nttdata/spring/spark/springsparkwordcount/SpringSparkWordCountApplicationTestsContext.groovy] does not exist
07:44:01.312 [main] INFO org.springframework.test.context.support.AbstractContextLoader - Could not detect default resource locations for test class [com.nttdata.spring.spark.springsparkwordcount.SpringSparkWordCountApplicationTests]: no resource found for suffixes {-context.xml, Context.groovy}.
07:44:01.313 [main] INFO org.springframework.test.context.support.AnnotationConfigContextLoaderUtils - Could not detect default configuration classes for test class [com.nttdata.spring.spark.springsparkwordcount.SpringSparkWordCountApplicationTests]: SpringSparkWordCountApplicationTests does not declare any static, non-private, non-final, nested classes annotated with @Configuration.
07:44:01.384 [main] DEBUG org.springframework.test.context.support.ActiveProfilesUtils - Could not find an 'annotation declaring class' for annotation type [org.springframework.test.context.ActiveProfiles] and class [com.nttdata.spring.spark.springsparkwordcount.SpringSparkWordCountApplicationTests]
07:44:01.522 [main] DEBUG org.springframework.test.context.BootstrapUtils - Instantiating CacheAwareContextLoaderDelegate from class [org.springframework.test.context.cache.DefaultCacheAwareContextLoaderDelegate]
07:44:01.523 [main] DEBUG org.springframework.test.context.BootstrapUtils - Instantiating BootstrapContext using constructor [public org.springframework.test.context.support.DefaultBootstrapContext(java.lang.Class,org.springframework.test.context.CacheAwareContextLoaderDelegate)]
07:44:01.525 [main] DEBUG org.springframework.test.context.BootstrapUtils - Instantiating TestContextBootstrapper for test class [com.nttdata.spring.spark.springsparkwordcount.SpringSparkWordCountApplicationTests] from class [org.springframework.boot.test.context.SpringBootTestContextBootstrapper]
07:44:01.527 [main] INFO org.springframework.boot.test.context.SpringBootTestContextBootstrapper - Neither @ContextConfiguration nor @ContextHierarchy found for test class [com.nttdata.spring.spark.springsparkwordcount.SpringSparkWordCountApplicationTests], using SpringBootContextLoader
07:44:01.531 [main] DEBUG org.springframework.test.context.support.AbstractContextLoader - Did not detect default resource location for test class [com.nttdata.spring.spark.springsparkwordcount.SpringSparkWordCountApplicationTests]: class path resource [com/nttdata/spring/spark/springsparkwordcount/SpringSparkWordCountApplicationTests-context.xml] does not exist
07:44:01.532 [main] DEBUG org.springframework.test.context.support.AbstractContextLoader - Did not detect default resource location for test class [com.nttdata.spring.spark.springsparkwordcount.SpringSparkWordCountApplicationTests]: class path resource [com/nttdata/spring/spark/springsparkwordcount/SpringSparkWordCountApplicationTestsContext.groovy] does not exist
07:44:01.532 [main] INFO org.springframework.test.context.support.AbstractContextLoader - Could not detect default resource locations for test class [com.nttdata.spring.spark.springsparkwordcount.SpringSparkWordCountApplicationTests]: no resource found for suffixes {-context.xml, Context.groovy}.
07:44:01.532 [main] INFO org.springframework.test.context.support.AnnotationConfigContextLoaderUtils - Could not detect default configuration classes for test class [com.nttdata.spring.spark.springsparkwordcount.SpringSparkWordCountApplicationTests]: SpringSparkWordCountApplicationTests does not declare any static, non-private, non-final, nested classes annotated with @Configuration.
07:44:01.535 [main] DEBUG org.springframework.test.context.support.ActiveProfilesUtils - Could not find an 'annotation declaring class' for annotation type [org.springframework.test.context.ActiveProfiles] and class [com.nttdata.spring.spark.springsparkwordcount.SpringSparkWordCountApplicationTests]
07:44:01.610 [main] DEBUG org.springframework.test.context.BootstrapUtils - Instantiating CacheAwareContextLoaderDelegate from class [org.springframework.test.context.cache.DefaultCacheAwareContextLoaderDelegate]
07:44:01.612 [main] DEBUG org.springframework.test.context.BootstrapUtils - Instantiating BootstrapContext using constructor [public org.springframework.test.context.support.DefaultBootstrapContext(java.lang.Class,org.springframework.test.context.CacheAwareContextLoaderDelegate)]
07:44:01.613 [main] DEBUG org.springframework.test.context.BootstrapUtils - Instantiating TestContextBootstrapper for test class [com.nttdata.spring.spark.springsparkwordcount.SpringSparkWordCountApplicationTests] from class [org.springframework.boot.test.context.SpringBootTestContextBootstrapper]
07:44:01.615 [main] INFO org.springframework.boot.test.context.SpringBootTestContextBootstrapper - Neither @ContextConfiguration nor @ContextHierarchy found for test class [com.nttdata.spring.spark.springsparkwordcount.SpringSparkWordCountApplicationTests], using SpringBootContextLoader
07:44:01.617 [main] DEBUG org.springframework.test.context.support.AbstractContextLoader - Did not detect default resource location for test class [com.nttdata.spring.spark.springsparkwordcount.SpringSparkWordCountApplicationTests]: class path resource [com/nttdata/spring/spark/springsparkwordcount/SpringSparkWordCountApplicationTests-context.xml] does not exist
07:44:01.619 [main] DEBUG org.springframework.test.context.support.AbstractContextLoader - Did not detect default resource location for test class [com.nttdata.spring.spark.springsparkwordcount.SpringSparkWordCountApplicationTests]: class path resource [com/nttdata/spring/spark/springsparkwordcount/SpringSparkWordCountApplicationTestsContext.groovy] does not exist
07:44:01.619 [main] INFO org.springframework.test.context.support.AbstractContextLoader - Could not detect default resource locations for test class [com.nttdata.spring.spark.springsparkwordcount.SpringSparkWordCountApplicationTests]: no resource found for suffixes {-context.xml, Context.groovy}.
07:44:01.619 [main] INFO org.springframework.test.context.support.AnnotationConfigContextLoaderUtils - Could not detect default configuration classes for test class [com.nttdata.spring.spark.springsparkwordcount.SpringSparkWordCountApplicationTests]: SpringSparkWordCountApplicationTests does not declare any static, non-private, non-final, nested classes annotated with @Configuration.
07:44:01.622 [main] DEBUG org.springframework.test.context.support.ActiveProfilesUtils - Could not find an 'annotation declaring class' for annotation type [org.springframework.test.context.ActiveProfiles] and class [com.nttdata.spring.spark.springsparkwordcount.SpringSparkWordCountApplicationTests]
]]></system-out>
    <system-err><![CDATA[SLF4J: Class path contains multiple SLF4J bindings.
SLF4J: Found binding in [jar:file:/C:/Users/ulzlot/.m2/repository/ch/qos/logback/logback-classic/1.2.3/logback-classic-1.2.3.jar!/org/slf4j/impl/StaticLoggerBinder.class]
SLF4J: Found binding in [jar:file:/C:/Users/ulzlot/.m2/repository/org/slf4j/slf4j-log4j12/1.7.30/slf4j-log4j12-1.7.30.jar!/org/slf4j/impl/StaticLoggerBinder.class]
SLF4J: See http://www.slf4j.org/codes.html#multiple_bindings for an explanation.
SLF4J: Actual binding is of type [ch.qos.logback.classic.util.ContextSelectorStaticBinder]
]]></system-err>
  </testcase>
</testsuite>